<?xml version="1.0" encoding="UTF-8"?>
<!-- Generated by org.testng.reporters.JUnitReportReporter -->
<testsuite hostname="Sudipa" failures="0" tests="2" name="com.simplilearntraining.day5.testNgPack.testDDTtest" time="33.343" errors="0" timestamp="2021-06-19T12:24:10 IST" skipped="0">
  <testcase classname="com.simplilearntraining.day5.testNgPack.testDDTtest" name="EnterCalorieDetails" time="18.096"/>
  <system-out/>
  <testcase classname="com.simplilearntraining.day5.testNgPack.testDDTtest" name="EnterCalorieDetails" time="15.247"/>
  <system-out/>
</testsuite> <!-- com.simplilearntraining.day5.testNgPack.testDDTtest -->
