<?xml version="1.0" encoding="UTF-8"?>
<!-- Generated by org.testng.reporters.JUnitReportReporter -->
<testsuite hostname="Sudipa" failures="0" tests="1" name="com.caloriecalc.testcases.CalorieCalculatorPageTestCase" time="24.308" errors="0" timestamp="2021-06-20T12:01:49 IST" skipped="0">
  <testcase classname="com.caloriecalc.testcases.CalorieCalculatorPageTestCase" name="EnterCalorieDetails" time="24.308"/>
  <system-out/>
</testsuite> <!-- com.caloriecalc.testcases.CalorieCalculatorPageTestCase -->
