<?xml version="1.0" encoding="UTF-8"?>
<!-- Generated by org.testng.reporters.JUnitReportReporter -->
<testsuite hostname="Sudipa" failures="0" tests="1" name="com.simplilearntraining.day5.testNgPack.CalorieCalculatorDDTestCase" time="28.714" errors="0" timestamp="2021-06-19T11:27:51 IST" skipped="0">
  <testcase classname="com.simplilearntraining.day5.testNgPack.CalorieCalculatorDDTestCase" name="EnterCalorieDetails" time="28.714"/>
  <system-out/>
</testsuite> <!-- com.simplilearntraining.day5.testNgPack.CalorieCalculatorDDTestCase -->
