<?xml version="1.0" encoding="UTF-8"?>
<!-- Generated by org.testng.reporters.JUnitReportReporter -->
<testsuite hostname="Sudipa" failures="0" tests="1" name="com.simplilearntraining.day5.testNgPack.CalorieCalculatorTestCase" time="30.829" errors="0" timestamp="2021-06-19T11:19:06 IST" skipped="0">
  <testcase classname="com.simplilearntraining.day5.testNgPack.CalorieCalculatorTestCase" name="EnterCalorieDetails" time="30.829"/>
  <system-out/>
</testsuite> <!-- com.simplilearntraining.day5.testNgPack.CalorieCalculatorTestCase -->
