<?xml version="1.0" encoding="UTF-8"?>
<!-- Generated by org.testng.reporters.JUnitReportReporter -->
<testsuite hostname="Sudipa" failures="0" tests="2" name="com.caloriecalc.testcases.CalorieCalculatorDDTExcelTestCase" time="19.480" errors="0" timestamp="2021-06-26T19:11:58 IST" skipped="0">
  <testcase classname="com.caloriecalc.testcases.CalorieCalculatorDDTExcelTestCase" name="enterCalorieDetails" time="10.719"/>
  <system-out/>
  <testcase classname="com.caloriecalc.testcases.CalorieCalculatorDDTExcelTestCase" name="enterCalorieDetails" time="8.761"/>
  <system-out/>
</testsuite> <!-- com.caloriecalc.testcases.CalorieCalculatorDDTExcelTestCase -->
