<?xml version="1.0" encoding="UTF-8"?>
<!-- Generated by org.testng.reporters.JUnitReportReporter -->
<testsuite hostname="Sudipa" failures="0" tests="2" name="com.caloriecalc.grid.CalorieCalculatorGridTestCase" time="110.601" errors="0" timestamp="2021-06-26T23:33:15 IST" skipped="0">
  <testcase classname="com.caloriecalc.grid.CalorieCalculatorGridTestCase" name="CalorieGridTest" time="37.367"/>
  <system-out/>
  <testcase classname="com.caloriecalc.grid.CalorieCalculatorGridTestCase" name="CalorieGridTest" time="73.234"/>
  <system-out/>
</testsuite> <!-- com.caloriecalc.grid.CalorieCalculatorGridTestCase -->
