<?xml version="1.0" encoding="UTF-8"?>
<!-- Generated by org.testng.reporters.JUnitReportReporter -->
<testsuite hostname="Sudipa" failures="0" tests="2" name="com.simplilearntraining.day5.testNgPack.CalorieCalculatorDDTHTTestCase" time="89.150" errors="0" timestamp="2021-06-20T09:22:06 IST" skipped="0">
  <testcase classname="com.simplilearntraining.day5.testNgPack.CalorieCalculatorDDTHTTestCase" name="EnterCalorieDetails" time="40.895"/>
  <system-out/>
  <testcase classname="com.simplilearntraining.day5.testNgPack.CalorieCalculatorDDTHTTestCase" name="EnterCalorieDetails" time="48.255"/>
  <system-out/>
</testsuite> <!-- com.simplilearntraining.day5.testNgPack.CalorieCalculatorDDTHTTestCase -->
